0 info it worked if it ends with ok
1 verbose cli [ '/usr/local/bin/node', '/usr/local/bin/npm', 'run', 'watch' ]
2 info using npm@3.10.10
3 info using node@v6.11.2
4 verbose run-script [ 'prewatch', 'watch', 'postwatch' ]
5 info lifecycle pimpmycause@1.0.0~prewatch: pimpmycause@1.0.0
6 silly lifecycle pimpmycause@1.0.0~prewatch: no script for prewatch, continuing
7 info lifecycle pimpmycause@1.0.0~watch: pimpmycause@1.0.0
8 verbose lifecycle pimpmycause@1.0.0~watch: unsafe-perm in lifecycle true
9 verbose lifecycle pimpmycause@1.0.0~watch: PATH: /usr/local/lib/node_modules/npm/bin/node-gyp-bin:/Users/lili/www/pimp-django/pimpmycause/node_modules/.bin:/Users/lili/.rvm/gems/ruby-2.3.1/bin:/Users/lili/.rvm/gems/ruby-2.3.1@global/bin:/Users/lili/.rvm/rubies/ruby-2.3.1/bin:/usr/local/heroku/bin:/usr/local/go/bin:/System//Library/Frameworks/Python.framework/Versions/2.7/bin:/usr/local/bin:/usr/bin:/bin:/usr/local/sbin:/usr/sbin:/sbin/usr/local/php5/bin:/usr/bin:/bin:/usr/sbin:/sbin:/usr/local/bin:/Users/lili/.rvm/bin
10 verbose lifecycle pimpmycause@1.0.0~watch: CWD: /Users/lili/www/pimp-django/pimpmycause
11 silly lifecycle pimpmycause@1.0.0~watch: Args: [ '-c', './node_modules/webpack/bin/webpack.js --watch' ]
12 info lifecycle pimpmycause@1.0.0~watch: Failed to exec watch script
13 verbose stack Error: pimpmycause@1.0.0 watch: `./node_modules/webpack/bin/webpack.js --watch`
13 verbose stack spawn ENOENT
13 verbose stack     at ChildProcess.<anonymous> (/usr/local/lib/node_modules/npm/lib/utils/spawn.js:33:16)
13 verbose stack     at emitTwo (events.js:106:13)
13 verbose stack     at ChildProcess.emit (events.js:191:7)
13 verbose stack     at maybeClose (internal/child_process.js:891:16)
13 verbose stack     at Process.ChildProcess._handle.onexit (internal/child_process.js:226:5)
14 verbose pkgid pimpmycause@1.0.0
15 verbose cwd /Users/lili/www/pimp-django/pimpmycause
16 error Darwin 16.3.0
17 error argv "/usr/local/bin/node" "/usr/local/bin/npm" "run" "watch"
18 error node v6.11.2
19 error npm  v3.10.10
20 error file sh
21 error code ELIFECYCLE
22 error errno ENOENT
23 error syscall spawn
24 error pimpmycause@1.0.0 watch: `./node_modules/webpack/bin/webpack.js --watch`
24 error spawn ENOENT
25 error Failed at the pimpmycause@1.0.0 watch script './node_modules/webpack/bin/webpack.js --watch'.
25 error Make sure you have the latest version of node.js and npm installed.
25 error If you do, this is most likely a problem with the pimpmycause package,
25 error not with npm itself.
25 error Tell the author that this fails on your system:
25 error     ./node_modules/webpack/bin/webpack.js --watch
25 error You can get information on how to open an issue for this project with:
25 error     npm bugs pimpmycause
25 error Or if that isn't available, you can get their info via:
25 error     npm owner ls pimpmycause
25 error There is likely additional logging output above.
26 verbose exit [ 1, true ]
